<?xml version="1.0" encoding="UTF-8"?>
<testsuite xmlns:xsi="http://www.w3.org/2001/XMLSchema-instance" xsi:noNamespaceSchemaLocation="https://maven.apache.org/surefire/maven-surefire-plugin/xsd/surefire-test-report-3.0.xsd" version="3.0" name="mrce.accenture.user.UserServiceTest" time="1.32" tests="5" errors="0" skipped="0" failures="0">
  <properties>
    <property name="java.specification.version" value="17"/>
    <property name="sun.jnu.encoding" value="UTF-8"/>
    <property name="java.class.path" value="/Users/secy/Documents/learning/java-workspace/spring-junit/UserService/target/test-classes:/Users/secy/Documents/learning/java-workspace/spring-junit/UserService/target/classes:/Users/secy/.m2/repository/org/junit/jupiter/junit-jupiter/5.8.2/junit-jupiter-5.8.2.jar:/Users/secy/.m2/repository/org/junit/jupiter/junit-jupiter-api/5.8.2/junit-jupiter-api-5.8.2.jar:/Users/secy/.m2/repository/org/opentest4j/opentest4j/1.2.0/opentest4j-1.2.0.jar:/Users/secy/.m2/repository/org/junit/platform/junit-platform-commons/1.8.2/junit-platform-commons-1.8.2.jar:/Users/secy/.m2/repository/org/apiguardian/apiguardian-api/1.1.2/apiguardian-api-1.1.2.jar:/Users/secy/.m2/repository/org/junit/jupiter/junit-jupiter-params/5.8.2/junit-jupiter-params-5.8.2.jar:/Users/secy/.m2/repository/org/junit/jupiter/junit-jupiter-engine/5.8.2/junit-jupiter-engine-5.8.2.jar:/Users/secy/.m2/repository/org/junit/platform/junit-platform-engine/1.8.2/junit-platform-engine-1.8.2.jar:/Users/secy/.m2/repository/org/mockito/mockito-junit-jupiter/5.4.0/mockito-junit-jupiter-5.4.0.jar:/Users/secy/.m2/repository/org/mockito/mockito-core/5.4.0/mockito-core-5.4.0.jar:/Users/secy/.m2/repository/net/bytebuddy/byte-buddy/1.14.5/byte-buddy-1.14.5.jar:/Users/secy/.m2/repository/net/bytebuddy/byte-buddy-agent/1.14.5/byte-buddy-agent-1.14.5.jar:/Users/secy/.m2/repository/org/objenesis/objenesis/3.3/objenesis-3.3.jar:"/>
    <property name="java.vm.vendor" value="Oracle Corporation"/>
    <property name="sun.arch.data.model" value="64"/>
    <property name="java.vendor.url" value="https://java.oracle.com/"/>
    <property name="user.timezone" value="Indian/Mauritius"/>
    <property name="os.name" value="Mac OS X"/>
    <property name="java.vm.specification.version" value="17"/>
    <property name="sun.java.launcher" value="SUN_STANDARD"/>
    <property name="user.country" value="MU"/>
    <property name="sun.boot.library.path" value="/Library/Java/JavaVirtualMachines/jdk-17.jdk/Contents/Home/lib"/>
    <property name="sun.java.command" value="/Users/secy/Documents/learning/java-workspace/spring-junit/UserService/target/surefire/surefirebooter-20230731230923690_3.jar /Users/secy/Documents/learning/java-workspace/spring-junit/UserService/target/surefire 2023-07-31T23-09-23_586-jvmRun1 surefire-20230731230923690_1tmp surefire_0-20230731230923690_2tmp"/>
    <property name="http.nonProxyHosts" value="local|*.local|169.254/16|*.169.254/16"/>
    <property name="jdk.debug" value="release"/>
    <property name="surefire.test.class.path" value="/Users/secy/Documents/learning/java-workspace/spring-junit/UserService/target/test-classes:/Users/secy/Documents/learning/java-workspace/spring-junit/UserService/target/classes:/Users/secy/.m2/repository/org/junit/jupiter/junit-jupiter/5.8.2/junit-jupiter-5.8.2.jar:/Users/secy/.m2/repository/org/junit/jupiter/junit-jupiter-api/5.8.2/junit-jupiter-api-5.8.2.jar:/Users/secy/.m2/repository/org/opentest4j/opentest4j/1.2.0/opentest4j-1.2.0.jar:/Users/secy/.m2/repository/org/junit/platform/junit-platform-commons/1.8.2/junit-platform-commons-1.8.2.jar:/Users/secy/.m2/repository/org/apiguardian/apiguardian-api/1.1.2/apiguardian-api-1.1.2.jar:/Users/secy/.m2/repository/org/junit/jupiter/junit-jupiter-params/5.8.2/junit-jupiter-params-5.8.2.jar:/Users/secy/.m2/repository/org/junit/jupiter/junit-jupiter-engine/5.8.2/junit-jupiter-engine-5.8.2.jar:/Users/secy/.m2/repository/org/junit/platform/junit-platform-engine/1.8.2/junit-platform-engine-1.8.2.jar:/Users/secy/.m2/repository/org/mockito/mockito-junit-jupiter/5.4.0/mockito-junit-jupiter-5.4.0.jar:/Users/secy/.m2/repository/org/mockito/mockito-core/5.4.0/mockito-core-5.4.0.jar:/Users/secy/.m2/repository/net/bytebuddy/byte-buddy/1.14.5/byte-buddy-1.14.5.jar:/Users/secy/.m2/repository/net/bytebuddy/byte-buddy-agent/1.14.5/byte-buddy-agent-1.14.5.jar:/Users/secy/.m2/repository/org/objenesis/objenesis/3.3/objenesis-3.3.jar:"/>
    <property name="sun.cpu.endian" value="little"/>
    <property name="user.home" value="/Users/secy"/>
    <property name="user.language" value="fr"/>
    <property name="java.specification.vendor" value="Oracle Corporation"/>
    <property name="java.version.date" value="2023-04-18"/>
    <property name="java.home" value="/Library/Java/JavaVirtualMachines/jdk-17.jdk/Contents/Home"/>
    <property name="file.separator" value="/"/>
    <property name="basedir" value="/Users/secy/Documents/learning/java-workspace/spring-junit/UserService"/>
    <property name="java.vm.compressedOopsMode" value="Zero based"/>
    <property name="line.separator" value="&#10;"/>
    <property name="java.specification.name" value="Java Platform API Specification"/>
    <property name="java.vm.specification.vendor" value="Oracle Corporation"/>
    <property name="surefire.real.class.path" value="/Users/secy/Documents/learning/java-workspace/spring-junit/UserService/target/surefire/surefirebooter-20230731230923690_3.jar"/>
    <property name="sun.management.compiler" value="HotSpot 64-Bit Tiered Compilers"/>
    <property name="ftp.nonProxyHosts" value="local|*.local|169.254/16|*.169.254/16"/>
    <property name="java.runtime.version" value="17.0.7+8-LTS-224"/>
    <property name="user.name" value="secy"/>
    <property name="path.separator" value=":"/>
    <property name="os.version" value="11.7.8"/>
    <property name="java.runtime.name" value="Java(TM) SE Runtime Environment"/>
    <property name="file.encoding" value="UTF-8"/>
    <property name="java.vm.name" value="Java HotSpot(TM) 64-Bit Server VM"/>
    <property name="localRepository" value="/Users/secy/.m2/repository"/>
    <property name="java.vendor.url.bug" value="https://bugreport.java.com/bugreport/"/>
    <property name="java.io.tmpdir" value="/var/folders/_7/8hyhf_3s4hqbj3310npgmfjm0000gn/T/"/>
    <property name="java.version" value="17.0.7"/>
    <property name="user.dir" value="/Users/secy/Documents/learning/java-workspace/spring-junit/UserService"/>
    <property name="os.arch" value="x86_64"/>
    <property name="java.vm.specification.name" value="Java Virtual Machine Specification"/>
    <property name="native.encoding" value="UTF-8"/>
    <property name="java.library.path" value="/Users/secy/Library/Java/Extensions:/Library/Java/Extensions:/Network/Library/Java/Extensions:/System/Library/Java/Extensions:/usr/lib/java:."/>
    <property name="java.vm.info" value="mixed mode, sharing"/>
    <property name="java.vendor" value="Oracle Corporation"/>
    <property name="java.vm.version" value="17.0.7+8-LTS-224"/>
    <property name="sun.io.unicode.encoding" value="UnicodeBig"/>
    <property name="socksNonProxyHosts" value="local|*.local|169.254/16|*.169.254/16"/>
    <property name="java.class.version" value="61.0"/>
  </properties>
  <testcase name="test_create_user_when_email_notification_exception_should_throws_UserServiceException" classname="mrce.accenture.user.UserServiceTest" time="1.24"/>
  <testcase name="test_create_user_when_user_details_provider_should_return_new_valid_user" classname="mrce.accenture.user.UserServiceTest" time="0.009"/>
  <testcase name="test_create_user_when_email_notification_is_mock_should_return_valid_user" classname="mrce.accenture.user.UserServiceTest" time="0.007"/>
  <testcase name="test_create_user_when_save_user_throw_exception_should_throws_UserServiceException" classname="mrce.accenture.user.UserServiceTest" time="0.008"/>
  <testcase name="test_create_user_when_use_real_method_send_email_should_return_valid_user" classname="mrce.accenture.user.UserServiceTest" time="0.007">
    <system-out><![CDATA[real send email is call with mockito
]]></system-out>
  </testcase>
</testsuite>